0.1954 	WARNING 	We strongly recommend you activate the PTB sound engine in PsychoPy prefs as the preferred audio engine. Its timing is vastly superior. Your prefs are currently set to use ['sounddevice', 'PTB', 'pyo', 'pygame'] (in that order).
8.4409 	WARNING 	User requested fullscreen with size [1920 1080], but screen is actually [1440, 900]. Using actual size
9.0886 	EXP 	Created window1 = Window(allowGUI=False, allowStencil=False, autoLog=True, backendConf=UNKNOWN, bitsMode=UNKNOWN, blendMode='avg', bpc=(8, 8, 8), color=array([0, 0, 0]), colorSpace='rgb', depthBits=8, fullscr=<method-wrapper '__getattribute__' of attributeSetter object at 0x7fe9a290cba8>, gamma=None, gammaErrorPolicy='raise', lms=UNKNOWN, monitor=<psychopy.monitors.calibTools.Monitor object at 0x7fe9a255afd0>, multiSample=False, name='window1', numSamples=2, pos=[360.0, 225.0], screen=0, size=array([2880, 1800]), stencilBits=0, stereo=False, units='height', useFBO=True, useRetina=True, viewOri=0.0, viewPos=None, viewScale=None, waitBlanking=True, winType='pyglet')
9.0888 	EXP 	window1: mouseVisible = True
9.0889 	EXP 	window1: recordFrameIntervals = False
9.2548 	EXP 	window1: recordFrameIntervals = True
9.4380 	EXP 	window1: recordFrameIntervals = False
10.0026 	EXP 	Created instText = TextStim(__class__=<class 'psychopy.visual.text.TextStim'>, alignHoriz=method-wrapper(...), alignText='center', alignVert=method-wrapper(...), anchorHoriz='center', anchorVert='center', antialias=True, autoLog=True, bold=False, color=array([1, 1, 1]), colorSpace='rgb', contrast=1.0, depth=0.0, flipHoriz=False, flipVert=False, font='Arial', fontFiles=[], height=0.05, italic=False, languageStyle='LTR', name='instText', opacity=1, ori=0, pos=array([0., 0.]), rgb=UNKNOWN, text=str(...), units='height', win=Window(...), wrapWidth=1)
10.4840 	EXP 	Created targetInstr = TextStim(__class__=<class 'psychopy.visual.text.TextStim'>, alignHoriz=method-wrapper(...), alignText='center', alignVert=method-wrapper(...), anchorHoriz='center', anchorVert='center', antialias=True, autoLog=True, bold=False, color=array([1, 1, 1]), colorSpace='rgb', contrast=1.0, depth=0.0, flipHoriz=False, flipVert=False, font='Arial', fontFiles=[], height=0.05, italic=False, languageStyle='LTR', name='targetInstr', opacity=1, ori=0, pos=array([-0.2,  0.2]), rgb=UNKNOWN, text='Target word:', units='height', win=Window(...), wrapWidth=1)
10.4846 	EXP 	Created targetText = TextStim(__class__=<class 'psychopy.visual.text.TextStim'>, alignHoriz=method-wrapper(...), alignText='center', alignVert=method-wrapper(...), anchorHoriz='center', anchorVert='center', antialias=True, autoLog=True, bold=False, color=array([1, 1, 1]), colorSpace='rgb', contrast=1.0, depth=-1.0, flipHoriz=False, flipVert=False, font='Arial', fontFiles=[], height=0.1, italic=False, languageStyle='LTR', name='targetText', opacity=1, ori=0, pos=array([0., 0.]), rgb=UNKNOWN, text='', units='height', win=Window(...), wrapWidth=1)
10.4870 	EXP 	Created instr = TextStim(__class__=<class 'psychopy.visual.text.TextStim'>, alignHoriz=method-wrapper(...), alignText='center', alignVert=method-wrapper(...), anchorHoriz='center', anchorVert='center', antialias=True, autoLog=True, bold=False, color=array([1, 1, 1]), colorSpace='rgb', contrast=1.0, depth=0.0, flipHoriz=False, flipVert=False, font='Arial', fontFiles=[], height=0.05, italic=False, languageStyle='LTR', name='instr', opacity=1, ori=0, pos=array([-0.2,  0.2]), rgb=UNKNOWN, text='Type the target word below, and press return', units='height', win=Window(...), wrapWidth=1)
10.4875 	EXP 	Created text = TextStim(__class__=<class 'psychopy.visual.text.TextStim'>, alignHoriz=method-wrapper(...), alignText='center', alignVert=method-wrapper(...), anchorHoriz='center', anchorVert='center', antialias=True, autoLog=True, bold=False, color=array([1, 1, 1]), colorSpace='rgb', contrast=1.0, depth=-1.0, flipHoriz=False, flipVert=False, font='Arial', fontFiles=[], height=0.1, italic=False, languageStyle='LTR', name='text', opacity=1, ori=0, pos=array([0., 0.]), rgb=UNKNOWN, text='', units='height', win=Window(...), wrapWidth=1)
10.5302 	EXP 	instText: autoDraw = True
18.4533 	EXP 	Imported cond.xlsx as conditions, 5 conditions, 1 params
18.4538 	EXP 	Created sequence: sequential, trialTypes=5, nReps=1, seed=None
18.4542 	EXP 	New trial (rep=0, index=0): {'prompt': 'type'}
18.4686 	DATA 	Keypress: space
18.4738 	EXP 	instText: autoDraw = False
18.4738 	EXP 	targetText: text = 'type'
18.4738 	EXP 	targetInstr: autoDraw = True
18.4738 	EXP 	targetText: autoDraw = True
20.4715 	EXP 	targetInstr: autoDraw = False
20.4715 	EXP 	targetText: autoDraw = False
20.4715 	EXP 	text: text = ''
20.4715 	EXP 	instr: autoDraw = True
20.4715 	EXP 	text: autoDraw = True
22.0065 	DATA 	Keypress: t
22.0210 	EXP 	text: text = 't'
22.3066 	DATA 	Keypress: y
22.3215 	EXP 	text: text = 'ty'
22.5064 	DATA 	Keypress: p
22.5215 	EXP 	text: text = 'typ'
22.7068 	DATA 	Keypress: e
22.7221 	EXP 	text: text = 'type'
23.1576 	DATA 	Keypress: return
23.1731 	EXP 	New trial (rep=0, index=1): {'prompt': 'this'}
23.1882 	EXP 	instr: autoDraw = False
23.1882 	EXP 	text: autoDraw = False
23.1882 	EXP 	targetText: text = 'this'
23.1882 	EXP 	targetInstr: autoDraw = True
23.1882 	EXP 	targetText: autoDraw = True
24.8256 	DATA 	Keypress: t
24.9750 	DATA 	Keypress: y
25.1875 	EXP 	targetInstr: autoDraw = False
25.1875 	EXP 	targetText: autoDraw = False
25.1875 	EXP 	targetInstr: autoDraw = False
25.1875 	EXP 	targetText: autoDraw = False
25.1875 	EXP 	text: text = ''
25.1875 	EXP 	instr: autoDraw = True
25.1875 	EXP 	text: autoDraw = True
26.5734 	DATA 	Keypress: t
26.5889 	EXP 	text: text = 't'
26.8231 	DATA 	Keypress: h
26.8380 	EXP 	text: text = 'th'
27.0235 	DATA 	Keypress: i
27.0378 	EXP 	text: text = 'thi'
27.1738 	DATA 	Keypress: s
27.1882 	EXP 	text: text = 'this'
28.4228 	DATA 	Keypress: return
28.4238 	EXP 	New trial (rep=0, index=2): {'prompt': 'word'}
28.4382 	EXP 	instr: autoDraw = False
28.4382 	EXP 	text: autoDraw = False
28.4382 	EXP 	targetText: text = 'word'
28.4382 	EXP 	targetInstr: autoDraw = True
28.4382 	EXP 	targetText: autoDraw = True
30.4377 	EXP 	targetInstr: autoDraw = False
30.4377 	EXP 	targetText: autoDraw = False
30.4377 	EXP 	targetInstr: autoDraw = False
30.4377 	EXP 	targetText: autoDraw = False
30.4377 	EXP 	text: text = ''
30.4377 	EXP 	instr: autoDraw = True
30.4377 	EXP 	text: autoDraw = True
31.0921 	DATA 	Keypress: w
31.1221 	EXP 	text: text = 'w'
31.3248 	DATA 	Keypress: o
31.3550 	EXP 	text: text = 'wo'
31.4567 	DATA 	Keypress: r
31.4713 	EXP 	text: text = 'wor'
31.7232 	DATA 	Keypress: d
31.7388 	EXP 	text: text = 'word'
31.9384 	DATA 	Keypress: return
31.9392 	EXP 	New trial (rep=0, index=3): {'prompt': 'in'}
31.9555 	EXP 	instr: autoDraw = False
31.9555 	EXP 	text: autoDraw = False
31.9555 	EXP 	targetText: text = 'in'
31.9555 	EXP 	targetInstr: autoDraw = True
31.9555 	EXP 	targetText: autoDraw = True
33.9551 	EXP 	targetInstr: autoDraw = False
33.9551 	EXP 	targetText: autoDraw = False
33.9551 	EXP 	targetInstr: autoDraw = False
33.9551 	EXP 	targetText: autoDraw = False
33.9551 	EXP 	text: text = ''
33.9551 	EXP 	instr: autoDraw = True
33.9551 	EXP 	text: autoDraw = True
34.5066 	DATA 	Keypress: i
34.5225 	EXP 	text: text = 'i'
34.7565 	DATA 	Keypress: n
34.7724 	EXP 	text: text = 'in'
35.2056 	DATA 	Keypress: return
35.2065 	EXP 	New trial (rep=0, index=4): {'prompt': 'Titlecase'}
35.2214 	EXP 	instr: autoDraw = False
35.2214 	EXP 	text: autoDraw = False
35.2214 	EXP 	targetText: text = 'Titlecase'
35.2214 	EXP 	targetInstr: autoDraw = True
35.2214 	EXP 	targetText: autoDraw = True
37.1913 	DATA 	Keypress: lshift
37.2217 	EXP 	targetInstr: autoDraw = False
37.2217 	EXP 	targetText: autoDraw = False
37.2217 	EXP 	targetInstr: autoDraw = False
37.2217 	EXP 	targetText: autoDraw = False
37.2217 	EXP 	text: text = ''
37.2217 	EXP 	instr: autoDraw = True
37.2217 	EXP 	text: autoDraw = True
37.4067 	DATA 	Keypress: t
37.4223 	EXP 	text: text = 't'
38.5055 	DATA 	Keypress: backspace
38.5217 	EXP 	text: text = ''
38.7261 	DATA 	Keypress: lshift
38.8567 	DATA 	Keypress: t
38.8723 	EXP 	text: text = 'T'
39.0898 	DATA 	Keypress: i
39.1053 	EXP 	text: text = 'Ti'
39.7570 	DATA 	Keypress: t
39.7717 	EXP 	text: text = 'Tit'
40.0564 	DATA 	Keypress: l
40.0722 	EXP 	text: text = 'Titl'
40.2065 	DATA 	Keypress: e
40.2217 	EXP 	text: text = 'Title'
40.5895 	DATA 	Keypress: c
40.6049 	EXP 	text: text = 'Titlec'
40.7403 	DATA 	Keypress: a
40.7544 	EXP 	text: text = 'Titleca'
41.1066 	DATA 	Keypress: s
41.1214 	EXP 	text: text = 'Titlecas'
41.2731 	DATA 	Keypress: e
41.2881 	EXP 	text: text = 'Titlecase'
41.4557 	DATA 	Keypress: return
41.4716 	EXP 	instr: autoDraw = False
41.4716 	EXP 	text: autoDraw = False
41.4858 	EXP 	window1: mouseVisible = True
