0.2900 	WARNING 	We strongly recommend you activate the PTB sound engine in PsychoPy prefs as the preferred audio engine. Its timing is vastly superior. Your prefs are currently set to use ['sounddevice', 'PTB', 'pyo', 'pygame'] (in that order).
8.9098 	WARNING 	User requested fullscreen with size [1920 1080], but screen is actually [1440, 900]. Using actual size
9.5471 	EXP 	Created window1 = Window(allowGUI=False, allowStencil=False, autoLog=True, backendConf=UNKNOWN, bitsMode=UNKNOWN, blendMode='avg', bpc=(8, 8, 8), color=array([0, 0, 0]), colorSpace='rgb', depthBits=8, fullscr=<method-wrapper '__getattribute__' of attributeSetter object at 0x7fd2939c3b38>, gamma=None, gammaErrorPolicy='raise', lms=UNKNOWN, monitor=<psychopy.monitors.calibTools.Monitor object at 0x7fd293616f60>, multiSample=False, name='window1', numSamples=2, pos=[360.0, 225.0], screen=0, size=array([2880, 1800]), stencilBits=0, stereo=False, units='height', useFBO=True, useRetina=True, viewOri=0.0, viewPos=None, viewScale=None, waitBlanking=True, winType='pyglet')
9.5473 	EXP 	window1: mouseVisible = True
9.5474 	EXP 	window1: recordFrameIntervals = False
9.7131 	EXP 	window1: recordFrameIntervals = True
9.8968 	EXP 	window1: recordFrameIntervals = False
10.4560 	EXP 	Created instText = TextStim(__class__=<class 'psychopy.visual.text.TextStim'>, alignHoriz=method-wrapper(...), alignText='center', alignVert=method-wrapper(...), anchorHoriz='center', anchorVert='center', antialias=True, autoLog=True, bold=False, color=array([1, 1, 1]), colorSpace='rgb', contrast=1.0, depth=0.0, flipHoriz=False, flipVert=False, font='Arial', fontFiles=[], height=0.05, italic=False, languageStyle='LTR', name='instText', opacity=1, ori=0, pos=array([0., 0.]), rgb=UNKNOWN, text=str(...), units='height', win=Window(...), wrapWidth=1)
10.9342 	EXP 	Created targetInstr = TextStim(__class__=<class 'psychopy.visual.text.TextStim'>, alignHoriz=method-wrapper(...), alignText='center', alignVert=method-wrapper(...), anchorHoriz='center', anchorVert='center', antialias=True, autoLog=True, bold=False, color=array([1, 1, 1]), colorSpace='rgb', contrast=1.0, depth=0.0, flipHoriz=False, flipVert=False, font='Arial', fontFiles=[], height=0.05, italic=False, languageStyle='LTR', name='targetInstr', opacity=1, ori=0, pos=array([-0.2,  0.2]), rgb=UNKNOWN, text='Target word:', units='height', win=Window(...), wrapWidth=1)
10.9349 	EXP 	Created targetText = TextStim(__class__=<class 'psychopy.visual.text.TextStim'>, alignHoriz=method-wrapper(...), alignText='center', alignVert=method-wrapper(...), anchorHoriz='center', anchorVert='center', antialias=True, autoLog=True, bold=False, color=array([1, 1, 1]), colorSpace='rgb', contrast=1.0, depth=-1.0, flipHoriz=False, flipVert=False, font='Arial', fontFiles=[], height=0.1, italic=False, languageStyle='LTR', name='targetText', opacity=1, ori=0, pos=array([0., 0.]), rgb=UNKNOWN, text='', units='height', win=Window(...), wrapWidth=1)
10.9374 	EXP 	Created instr = TextStim(__class__=<class 'psychopy.visual.text.TextStim'>, alignHoriz=method-wrapper(...), alignText='center', alignVert=method-wrapper(...), anchorHoriz='center', anchorVert='center', antialias=True, autoLog=True, bold=False, color=array([1, 1, 1]), colorSpace='rgb', contrast=1.0, depth=0.0, flipHoriz=False, flipVert=False, font='Arial', fontFiles=[], height=0.05, italic=False, languageStyle='LTR', name='instr', opacity=1, ori=0, pos=array([-0.2,  0.2]), rgb=UNKNOWN, text='Type the target word below, and press return', units='height', win=Window(...), wrapWidth=1)
10.9379 	EXP 	Created text = TextStim(__class__=<class 'psychopy.visual.text.TextStim'>, alignHoriz=method-wrapper(...), alignText='center', alignVert=method-wrapper(...), anchorHoriz='center', anchorVert='center', antialias=True, autoLog=True, bold=False, color=array([1, 1, 1]), colorSpace='rgb', contrast=1.0, depth=-1.0, flipHoriz=False, flipVert=False, font='Arial', fontFiles=[], height=0.1, italic=False, languageStyle='LTR', name='text', opacity=1, ori=0, pos=array([0., 0.]), rgb=UNKNOWN, text='', units='height', win=Window(...), wrapWidth=1)
10.9441 	EXP 	instText: autoDraw = True
13.7275 	EXP 	Imported cond.xlsx as conditions, 5 conditions, 1 params
13.7281 	EXP 	Created sequence: sequential, trialTypes=5, nReps=1, seed=None
13.7285 	EXP 	New trial (rep=0, index=0): {'prompt': 'type'}
13.7402 	DATA 	Keypress: return
13.7449 	EXP 	instText: autoDraw = False
13.7449 	EXP 	targetText: text = 'type'
13.7449 	EXP 	targetInstr: autoDraw = True
13.7449 	EXP 	targetText: autoDraw = True
15.7470 	EXP 	targetInstr: autoDraw = False
15.7470 	EXP 	targetText: autoDraw = False
15.7470 	EXP 	text: text = ''
15.7470 	EXP 	instr: autoDraw = True
15.7470 	EXP 	text: autoDraw = True
18.1687 	DATA 	Keypress: t
18.1803 	EXP 	text: text = 't'
18.3658 	DATA 	Keypress: y
18.3805 	EXP 	text: text = 'ty'
18.5650 	DATA 	Keypress: p
18.5799 	EXP 	text: text = 'typ'
18.7323 	DATA 	Keypress: e
18.7471 	EXP 	text: text = 'type'
20.5489 	DATA 	Keypress: return
20.5500 	EXP 	New trial (rep=0, index=1): {'prompt': 'this'}
20.5638 	EXP 	instr: autoDraw = False
20.5638 	EXP 	text: autoDraw = False
20.5638 	EXP 	targetText: text = 'this'
20.5638 	EXP 	targetInstr: autoDraw = True
20.5638 	EXP 	targetText: autoDraw = True
22.1172 	DATA 	Keypress: t
22.2510 	DATA 	Keypress: h
22.5340 	DATA 	Keypress: i
22.5641 	EXP 	targetInstr: autoDraw = False
22.5641 	EXP 	targetText: autoDraw = False
22.5641 	EXP 	targetInstr: autoDraw = False
22.5641 	EXP 	targetText: autoDraw = False
22.5641 	EXP 	text: text = ''
22.5641 	EXP 	instr: autoDraw = True
22.5641 	EXP 	text: autoDraw = True
23.5479 	DATA 	Keypress: t
23.5632 	EXP 	text: text = 't'
23.8658 	DATA 	Keypress: h
23.8805 	EXP 	text: text = 'th'
24.1148 	DATA 	Keypress: i
24.1299 	EXP 	text: text = 'thi'
24.4488 	DATA 	Keypress: s
24.4635 	EXP 	text: text = 'this'
24.8148 	DATA 	Keypress: return
24.8158 	EXP 	New trial (rep=0, index=2): {'prompt': 'word'}
24.8303 	EXP 	instr: autoDraw = False
24.8303 	EXP 	text: autoDraw = False
24.8303 	EXP 	targetText: text = 'word'
24.8303 	EXP 	targetInstr: autoDraw = True
24.8303 	EXP 	targetText: autoDraw = True
26.8305 	EXP 	targetInstr: autoDraw = False
26.8305 	EXP 	targetText: autoDraw = False
26.8305 	EXP 	targetInstr: autoDraw = False
26.8305 	EXP 	targetText: autoDraw = False
26.8305 	EXP 	text: text = ''
26.8305 	EXP 	instr: autoDraw = True
26.8305 	EXP 	text: autoDraw = True
28.4508 	DATA 	Keypress: w
28.4802 	EXP 	text: text = 'w'
28.7326 	DATA 	Keypress: o
28.7481 	EXP 	text: text = 'wo'
28.9001 	DATA 	Keypress: r
28.9307 	EXP 	text: text = 'wor'
29.1990 	DATA 	Keypress: d
29.2137 	EXP 	text: text = 'word'
30.1985 	DATA 	Keypress: return
30.1993 	EXP 	New trial (rep=0, index=3): {'prompt': 'in'}
30.2132 	EXP 	instr: autoDraw = False
30.2132 	EXP 	text: autoDraw = False
30.2132 	EXP 	targetText: text = 'in'
30.2132 	EXP 	targetInstr: autoDraw = True
30.2132 	EXP 	targetText: autoDraw = True
31.5173 	DATA 	Keypress: i
31.7503 	DATA 	Keypress: n
32.2142 	EXP 	targetInstr: autoDraw = False
32.2142 	EXP 	targetText: autoDraw = False
32.2142 	EXP 	targetInstr: autoDraw = False
32.2142 	EXP 	targetText: autoDraw = False
32.2142 	EXP 	text: text = ''
32.2142 	EXP 	instr: autoDraw = True
32.2142 	EXP 	text: autoDraw = True
33.0650 	DATA 	Keypress: i
33.0808 	EXP 	text: text = 'i'
33.2986 	DATA 	Keypress: n
33.3142 	EXP 	text: text = 'in'
33.6982 	DATA 	Keypress: return
33.6989 	EXP 	New trial (rep=0, index=4): {'prompt': 'Titlecase'}
33.7147 	EXP 	instr: autoDraw = False
33.7147 	EXP 	text: autoDraw = False
33.7147 	EXP 	targetText: text = 'Titlecase'
33.7147 	EXP 	targetInstr: autoDraw = True
33.7147 	EXP 	targetText: autoDraw = True
34.8489 	DATA 	Keypress: lshift
35.0845 	DATA 	Keypress: t
35.5171 	DATA 	Keypress: i
35.7137 	EXP 	targetInstr: autoDraw = False
35.7137 	EXP 	targetText: autoDraw = False
35.7137 	EXP 	targetInstr: autoDraw = False
35.7137 	EXP 	targetText: autoDraw = False
35.7137 	EXP 	text: text = ''
35.7137 	EXP 	instr: autoDraw = True
35.7137 	EXP 	text: autoDraw = True
36.3976 	DATA 	Keypress: lshift
36.6160 	DATA 	Keypress: t
36.6313 	EXP 	text: text = 'T'
36.9492 	DATA 	Keypress: i
36.9636 	EXP 	text: text = 'Ti'
37.4320 	DATA 	Keypress: t
37.4479 	EXP 	text: text = 'Tit'
37.7153 	DATA 	Keypress: l
37.7304 	EXP 	text: text = 'Titl'
37.8648 	DATA 	Keypress: e
37.8802 	EXP 	text: text = 'Title'
38.2982 	DATA 	Keypress: c
38.3143 	EXP 	text: text = 'Titlec'
38.4317 	DATA 	Keypress: a
38.4465 	EXP 	text: text = 'Titleca'
38.6982 	DATA 	Keypress: s
38.7133 	EXP 	text: text = 'Titlecas'
38.8651 	DATA 	Keypress: e
38.8800 	EXP 	text: text = 'Titlecase'
39.6984 	DATA 	Keypress: return
39.7142 	EXP 	instr: autoDraw = False
39.7142 	EXP 	text: autoDraw = False
39.7633 	EXP 	window1: mouseVisible = True
