0.1938 	WARNING 	We strongly recommend you activate the PTB sound engine in PsychoPy prefs as the preferred audio engine. Its timing is vastly superior. Your prefs are currently set to use ['sounddevice', 'PTB', 'pyo', 'pygame'] (in that order).
8.8985 	WARNING 	User requested fullscreen with size [1920 1080], but screen is actually [1440, 900]. Using actual size
9.6023 	EXP 	Created window1 = Window(allowGUI=False, allowStencil=False, autoLog=True, backendConf=UNKNOWN, bitsMode=UNKNOWN, blendMode='avg', bpc=(8, 8, 8), color=array([0, 0, 0]), colorSpace='rgb', depthBits=8, fullscr=<method-wrapper '__getattribute__' of attributeSetter object at 0x7f97634a4c88>, gamma=None, gammaErrorPolicy='raise', lms=UNKNOWN, monitor=<psychopy.monitors.calibTools.Monitor object at 0x7f97633181d0>, multiSample=False, name='window1', numSamples=2, pos=[360.0, 225.0], screen=0, size=array([2880, 1800]), stencilBits=0, stereo=False, units='height', useFBO=True, useRetina=True, viewOri=0.0, viewPos=None, viewScale=None, waitBlanking=True, winType='pyglet')
9.6024 	EXP 	window1: mouseVisible = True
9.6025 	EXP 	window1: recordFrameIntervals = False
9.7684 	EXP 	window1: recordFrameIntervals = True
10.1189 	EXP 	window1: recordFrameIntervals = False
10.6963 	EXP 	Created instText = TextStim(__class__=<class 'psychopy.visual.text.TextStim'>, alignHoriz=method-wrapper(...), alignText='center', alignVert=method-wrapper(...), anchorHoriz='center', anchorVert='center', antialias=True, autoLog=True, bold=False, color=array([1, 1, 1]), colorSpace='rgb', contrast=1.0, depth=0.0, flipHoriz=False, flipVert=False, font='Arial', fontFiles=[], height=0.05, italic=False, languageStyle='LTR', name='instText', opacity=1, ori=0, pos=array([0., 0.]), rgb=UNKNOWN, text=str(...), units='height', win=Window(...), wrapWidth=1)
11.1913 	EXP 	Created targetInstr = TextStim(__class__=<class 'psychopy.visual.text.TextStim'>, alignHoriz=method-wrapper(...), alignText='center', alignVert=method-wrapper(...), anchorHoriz='center', anchorVert='center', antialias=True, autoLog=True, bold=False, color=array([1, 1, 1]), colorSpace='rgb', contrast=1.0, depth=0.0, flipHoriz=False, flipVert=False, font='Arial', fontFiles=[], height=0.05, italic=False, languageStyle='LTR', name='targetInstr', opacity=1, ori=0, pos=array([-0.2,  0.2]), rgb=UNKNOWN, text='Target word:', units='height', win=Window(...), wrapWidth=1)
11.1918 	EXP 	Created targetText = TextStim(__class__=<class 'psychopy.visual.text.TextStim'>, alignHoriz=method-wrapper(...), alignText='center', alignVert=method-wrapper(...), anchorHoriz='center', anchorVert='center', antialias=True, autoLog=True, bold=False, color=array([1, 1, 1]), colorSpace='rgb', contrast=1.0, depth=-1.0, flipHoriz=False, flipVert=False, font='Arial', fontFiles=[], height=0.1, italic=False, languageStyle='LTR', name='targetText', opacity=1, ori=0, pos=array([0., 0.]), rgb=UNKNOWN, text='', units='height', win=Window(...), wrapWidth=1)
11.1942 	EXP 	Created instr = TextStim(__class__=<class 'psychopy.visual.text.TextStim'>, alignHoriz=method-wrapper(...), alignText='center', alignVert=method-wrapper(...), anchorHoriz='center', anchorVert='center', antialias=True, autoLog=True, bold=False, color=array([1, 1, 1]), colorSpace='rgb', contrast=1.0, depth=0.0, flipHoriz=False, flipVert=False, font='Arial', fontFiles=[], height=0.05, italic=False, languageStyle='LTR', name='instr', opacity=1, ori=0, pos=array([-0.2,  0.2]), rgb=UNKNOWN, text='Type the target word below, and press return', units='height', win=Window(...), wrapWidth=1)
11.1947 	EXP 	Created text = TextStim(__class__=<class 'psychopy.visual.text.TextStim'>, alignHoriz=method-wrapper(...), alignText='center', alignVert=method-wrapper(...), anchorHoriz='center', anchorVert='center', antialias=True, autoLog=True, bold=False, color=array([1, 1, 1]), colorSpace='rgb', contrast=1.0, depth=-1.0, flipHoriz=False, flipVert=False, font='Arial', fontFiles=[], height=0.1, italic=False, languageStyle='LTR', name='text', opacity=1, ori=0, pos=array([0., 0.]), rgb=UNKNOWN, text='', units='height', win=Window(...), wrapWidth=1)
11.2061 	EXP 	instText: autoDraw = True
12.5819 	EXP 	Imported cond.xlsx as conditions, 5 conditions, 1 params
12.5825 	EXP 	Created sequence: sequential, trialTypes=5, nReps=1, seed=None
12.5829 	EXP 	New trial (rep=0, index=0): {'prompt': 'type'}
12.5942 	DATA 	Keypress: return
12.5989 	EXP 	instText: autoDraw = False
12.5989 	EXP 	targetText: text = 'type'
12.5989 	EXP 	targetInstr: autoDraw = True
12.5989 	EXP 	targetText: autoDraw = True
14.5755 	DATA 	Keypress: t
14.6029 	EXP 	targetInstr: autoDraw = False
14.6029 	EXP 	targetText: autoDraw = False
14.6029 	EXP 	text: text = ''
14.6029 	EXP 	instr: autoDraw = True
14.6029 	EXP 	text: autoDraw = True
14.7699 	DATA 	Keypress: y
14.7852 	EXP 	text: text = 'y'
14.9370 	DATA 	Keypress: p
14.9515 	EXP 	text: text = 'yp'
14.9691 	DATA 	Keypress: e
14.9853 	EXP 	text: text = 'ype'
15.2866 	DATA 	Keypress: return
15.2877 	EXP 	New trial (rep=0, index=1): {'prompt': 'this'}
15.3024 	EXP 	instr: autoDraw = False
15.3024 	EXP 	text: autoDraw = False
15.3024 	EXP 	targetText: text = 'this'
15.3024 	EXP 	targetInstr: autoDraw = True
15.3024 	EXP 	targetText: autoDraw = True
16.7556 	DATA 	Keypress: escape
16.9013 	EXP 	window1: mouseVisible = True
