0.2323 	WARNING 	We strongly recommend you activate the PTB sound engine in PsychoPy prefs as the preferred audio engine. Its timing is vastly superior. Your prefs are currently set to use ['sounddevice', 'PTB', 'pyo', 'pygame'] (in that order).
11.3580 	WARNING 	User requested fullscreen with size [1920 1080], but screen is actually [1440, 900]. Using actual size
11.9830 	EXP 	Created window1 = Window(allowGUI=False, allowStencil=False, autoLog=True, backendConf=UNKNOWN, bitsMode=UNKNOWN, blendMode='avg', bpc=(8, 8, 8), color=array([0, 0, 0]), colorSpace='rgb', depthBits=8, fullscr=<method-wrapper '__getattribute__' of attributeSetter object at 0x7feef3dccc88>, gamma=None, gammaErrorPolicy='raise', lms=UNKNOWN, monitor=<psychopy.monitors.calibTools.Monitor object at 0x7feef3b842b0>, multiSample=False, name='window1', numSamples=2, pos=[360.0, 225.0], screen=0, size=array([2880, 1800]), stencilBits=0, stereo=False, units='height', useFBO=True, useRetina=True, viewOri=0.0, viewPos=None, viewScale=None, waitBlanking=True, winType='pyglet')
11.9832 	EXP 	window1: mouseVisible = True
11.9832 	EXP 	window1: recordFrameIntervals = False
12.1488 	EXP 	window1: recordFrameIntervals = True
12.3333 	EXP 	window1: recordFrameIntervals = False
12.9135 	EXP 	Created instText = TextStim(__class__=<class 'psychopy.visual.text.TextStim'>, alignHoriz=method-wrapper(...), alignText='center', alignVert=method-wrapper(...), anchorHoriz='center', anchorVert='center', antialias=True, autoLog=True, bold=False, color=array([1, 1, 1]), colorSpace='rgb', contrast=1.0, depth=0.0, flipHoriz=False, flipVert=False, font='Arial', fontFiles=[], height=0.05, italic=False, languageStyle='LTR', name='instText', opacity=1, ori=0, pos=array([0., 0.]), rgb=UNKNOWN, text=str(...), units='height', win=Window(...), wrapWidth=1)
13.4198 	EXP 	Created targetInstr = TextStim(__class__=<class 'psychopy.visual.text.TextStim'>, alignHoriz=method-wrapper(...), alignText='center', alignVert=method-wrapper(...), anchorHoriz='center', anchorVert='center', antialias=True, autoLog=True, bold=False, color=array([1, 1, 1]), colorSpace='rgb', contrast=1.0, depth=0.0, flipHoriz=False, flipVert=False, font='Arial', fontFiles=[], height=0.05, italic=False, languageStyle='LTR', name='targetInstr', opacity=1, ori=0, pos=array([-0.2,  0.2]), rgb=UNKNOWN, text='Target word:', units='height', win=Window(...), wrapWidth=1)
13.4204 	EXP 	Created targetText = TextStim(__class__=<class 'psychopy.visual.text.TextStim'>, alignHoriz=method-wrapper(...), alignText='center', alignVert=method-wrapper(...), anchorHoriz='center', anchorVert='center', antialias=True, autoLog=True, bold=False, color=array([1, 1, 1]), colorSpace='rgb', contrast=1.0, depth=-1.0, flipHoriz=False, flipVert=False, font='Arial', fontFiles=[], height=0.1, italic=False, languageStyle='LTR', name='targetText', opacity=1, ori=0, pos=array([0., 0.]), rgb=UNKNOWN, text='', units='height', win=Window(...), wrapWidth=1)
13.4228 	EXP 	Created instr = TextStim(__class__=<class 'psychopy.visual.text.TextStim'>, alignHoriz=method-wrapper(...), alignText='center', alignVert=method-wrapper(...), anchorHoriz='center', anchorVert='center', antialias=True, autoLog=True, bold=False, color=array([1, 1, 1]), colorSpace='rgb', contrast=1.0, depth=0.0, flipHoriz=False, flipVert=False, font='Arial', fontFiles=[], height=0.05, italic=False, languageStyle='LTR', name='instr', opacity=1, ori=0, pos=array([-0.2,  0.2]), rgb=UNKNOWN, text='Type the target word below, and press return', units='height', win=Window(...), wrapWidth=1)
13.4233 	EXP 	Created text = TextStim(__class__=<class 'psychopy.visual.text.TextStim'>, alignHoriz=method-wrapper(...), alignText='center', alignVert=method-wrapper(...), anchorHoriz='center', anchorVert='center', antialias=True, autoLog=True, bold=False, color=array([1, 1, 1]), colorSpace='rgb', contrast=1.0, depth=-1.0, flipHoriz=False, flipVert=False, font='Arial', fontFiles=[], height=0.1, italic=False, languageStyle='LTR', name='text', opacity=1, ori=0, pos=array([0., 0.]), rgb=UNKNOWN, text='', units='height', win=Window(...), wrapWidth=1)
13.4294 	EXP 	instText: autoDraw = True
15.6340 	EXP 	Imported cond.xlsx as conditions, 9 conditions, 1 params
15.6346 	EXP 	Created sequence: sequential, trialTypes=9, nReps=1, seed=None
15.6350 	EXP 	New trial (rep=0, index=0): {'prompt': 'Frog'}
15.6488 	DATA 	Keypress: space
15.6535 	EXP 	instText: autoDraw = False
15.6535 	EXP 	targetText: text = 'xFrog'
15.6535 	EXP 	targetInstr: autoDraw = True
15.6535 	EXP 	targetText: autoDraw = True
17.6494 	EXP 	targetInstr: autoDraw = False
17.6494 	EXP 	targetText: autoDraw = False
17.6494 	EXP 	text: text = ''
17.6494 	EXP 	instr: autoDraw = True
17.6494 	EXP 	text: autoDraw = True
19.5002 	DATA 	Keypress: lshift
20.6013 	DATA 	Keypress: x
20.6163 	EXP 	text: text = 'X_'
22.1848 	DATA 	Keypress: f
22.1994 	EXP 	text: text = 'X_f'
22.5847 	DATA 	Keypress: t
22.5994 	EXP 	text: text = 'X_ft'
22.8175 	DATA 	Keypress: o
22.8332 	EXP 	text: text = 'X_fto'
23.0050 	DATA 	Keypress: g
23.0149 	EXP 	text: text = 'X_ftog'
26.6361 	DATA 	Keypress: backspace
26.6662 	EXP 	text: text = 'X_fto'
26.8336 	DATA 	Keypress: backspace
26.8495 	EXP 	text: text = 'X_ft'
27.0159 	DATA 	Keypress: backspace
27.0333 	EXP 	text: text = 'X_f'
27.2004 	DATA 	Keypress: backspace
27.2162 	EXP 	text: text = 'X_'
27.3839 	DATA 	Keypress: backspace
27.3997 	EXP 	text: text = 'X'
27.5852 	DATA 	Keypress: backspace
27.6159 	EXP 	text: text = ''
28.7846 	DATA 	Keypress: t
28.7998 	EXP 	text: text = 't'
29.0050 	DATA 	Keypress: o
29.0150 	EXP 	text: text = 'to'
31.9841 	DATA 	Keypress: return
31.9855 	EXP 	New trial (rep=0, index=1): {'prompt': 'Donkey'}
32.0030 	EXP 	instr: autoDraw = False
32.0030 	EXP 	text: autoDraw = False
32.0030 	EXP 	targetText: text = 'unDonkey'
32.0030 	EXP 	targetInstr: autoDraw = True
32.0030 	EXP 	targetText: autoDraw = True
34.0149 	EXP 	targetInstr: autoDraw = False
34.0149 	EXP 	targetText: autoDraw = False
34.0149 	EXP 	text: text = ''
34.0149 	EXP 	instr: autoDraw = True
34.0149 	EXP 	text: autoDraw = True
36.5679 	DATA 	Keypress: t
36.5828 	EXP 	text: text = 't'
36.8012 	DATA 	Keypress: h
36.8159 	EXP 	text: text = 'th'
36.9676 	DATA 	Keypress: e
36.9824 	EXP 	text: text = 'the'
39.2337 	DATA 	Keypress: return
39.2347 	EXP 	New trial (rep=0, index=2): {'prompt': 'Poodle'}
39.2492 	EXP 	instr: autoDraw = False
39.2492 	EXP 	text: autoDraw = False
39.2492 	EXP 	targetText: text = 'uberPoodle'
39.2492 	EXP 	targetInstr: autoDraw = True
39.2492 	EXP 	targetText: autoDraw = True
41.2491 	EXP 	targetInstr: autoDraw = False
41.2491 	EXP 	targetText: autoDraw = False
41.2491 	EXP 	targetInstr: autoDraw = False
41.2491 	EXP 	targetText: autoDraw = False
41.2491 	EXP 	text: text = ''
41.2491 	EXP 	instr: autoDraw = True
41.2491 	EXP 	text: autoDraw = True
74.9675 	DATA 	Keypress: escape
74.9825 	EXP 	text: text = 'escape'
75.0808 	EXP 	window1: mouseVisible = True
