0.2284 	WARNING 	We strongly recommend you activate the PTB sound engine in PsychoPy prefs as the preferred audio engine. Its timing is vastly superior. Your prefs are currently set to use ['sounddevice', 'PTB', 'pyo', 'pygame'] (in that order).
12.7797 	WARNING 	User requested fullscreen with size [1920 1080], but screen is actually [1440, 900]. Using actual size
13.4474 	EXP 	Created window1 = Window(allowGUI=False, allowStencil=False, autoLog=True, backendConf=UNKNOWN, bitsMode=UNKNOWN, blendMode='avg', bpc=(8, 8, 8), color=array([0, 0, 0]), colorSpace='rgb', depthBits=8, fullscr=<method-wrapper '__getattribute__' of attributeSetter object at 0x7fb7c39acc88>, gamma=None, gammaErrorPolicy='raise', lms=UNKNOWN, monitor=<psychopy.monitors.calibTools.Monitor object at 0x7fb7c37612b0>, multiSample=False, name='window1', numSamples=2, pos=[360.0, 225.0], screen=0, size=array([2880, 1800]), stencilBits=0, stereo=False, units='height', useFBO=True, useRetina=True, viewOri=0.0, viewPos=None, viewScale=None, waitBlanking=True, winType='pyglet')
13.4476 	EXP 	window1: mouseVisible = True
13.4476 	EXP 	window1: recordFrameIntervals = False
13.6134 	EXP 	window1: recordFrameIntervals = True
13.7970 	EXP 	window1: recordFrameIntervals = False
14.3547 	EXP 	Created instText = TextStim(__class__=<class 'psychopy.visual.text.TextStim'>, alignHoriz=method-wrapper(...), alignText='center', alignVert=method-wrapper(...), anchorHoriz='center', anchorVert='center', antialias=True, autoLog=True, bold=False, color=array([1, 1, 1]), colorSpace='rgb', contrast=1.0, depth=0.0, flipHoriz=False, flipVert=False, font='Arial', fontFiles=[], height=0.05, italic=False, languageStyle='LTR', name='instText', opacity=1, ori=0, pos=array([0., 0.]), rgb=UNKNOWN, text=str(...), units='height', win=Window(...), wrapWidth=1)
14.8486 	EXP 	Created targetInstr = TextStim(__class__=<class 'psychopy.visual.text.TextStim'>, alignHoriz=method-wrapper(...), alignText='center', alignVert=method-wrapper(...), anchorHoriz='center', anchorVert='center', antialias=True, autoLog=True, bold=False, color=array([1, 1, 1]), colorSpace='rgb', contrast=1.0, depth=0.0, flipHoriz=False, flipVert=False, font='Arial', fontFiles=[], height=0.05, italic=False, languageStyle='LTR', name='targetInstr', opacity=1, ori=0, pos=array([-0.2,  0.2]), rgb=UNKNOWN, text='Target word:', units='height', win=Window(...), wrapWidth=1)
14.8491 	EXP 	Created targetText = TextStim(__class__=<class 'psychopy.visual.text.TextStim'>, alignHoriz=method-wrapper(...), alignText='center', alignVert=method-wrapper(...), anchorHoriz='center', anchorVert='center', antialias=True, autoLog=True, bold=False, color=array([1, 1, 1]), colorSpace='rgb', contrast=1.0, depth=-1.0, flipHoriz=False, flipVert=False, font='Arial', fontFiles=[], height=0.1, italic=False, languageStyle='LTR', name='targetText', opacity=1, ori=0, pos=array([0., 0.]), rgb=UNKNOWN, text='', units='height', win=Window(...), wrapWidth=1)
14.8516 	EXP 	Created instr = TextStim(__class__=<class 'psychopy.visual.text.TextStim'>, alignHoriz=method-wrapper(...), alignText='center', alignVert=method-wrapper(...), anchorHoriz='center', anchorVert='center', antialias=True, autoLog=True, bold=False, color=array([1, 1, 1]), colorSpace='rgb', contrast=1.0, depth=0.0, flipHoriz=False, flipVert=False, font='Arial', fontFiles=[], height=0.05, italic=False, languageStyle='LTR', name='instr', opacity=1, ori=0, pos=array([-0.2,  0.2]), rgb=UNKNOWN, text='Type the target word below, and press return', units='height', win=Window(...), wrapWidth=1)
14.8521 	EXP 	Created text = TextStim(__class__=<class 'psychopy.visual.text.TextStim'>, alignHoriz=method-wrapper(...), alignText='center', alignVert=method-wrapper(...), anchorHoriz='center', anchorVert='center', antialias=True, autoLog=True, bold=False, color=array([1, 1, 1]), colorSpace='rgb', contrast=1.0, depth=-1.0, flipHoriz=False, flipVert=False, font='Arial', fontFiles=[], height=0.1, italic=False, languageStyle='LTR', name='text', opacity=1, ori=0, pos=array([0., 0.]), rgb=UNKNOWN, text='', units='height', win=Window(...), wrapWidth=1)
14.8624 	EXP 	instText: autoDraw = True
16.5412 	EXP 	Imported cond.xlsx as conditions, 9 conditions, 1 params
16.5416 	EXP 	Created sequence: sequential, trialTypes=9, nReps=1, seed=None
16.5418 	EXP 	New trial (rep=0, index=0): {'prompt': 'Frog'}
16.5509 	DATA 	Keypress: space
16.5551 	EXP 	instText: autoDraw = False
16.5551 	EXP 	targetText: text = 'xFrog'
16.5551 	EXP 	targetInstr: autoDraw = True
16.5551 	EXP 	targetText: autoDraw = True
18.5630 	EXP 	targetInstr: autoDraw = False
18.5630 	EXP 	targetText: autoDraw = False
18.5630 	EXP 	text: text = ''
18.5630 	EXP 	instr: autoDraw = True
18.5630 	EXP 	text: autoDraw = True
21.2154 	DATA 	Keypress: t
21.2298 	EXP 	text: text = 't'
21.7822 	DATA 	Keypress: o
21.7968 	EXP 	text: text = 'to'
22.4315 	DATA 	Keypress: return
22.4326 	EXP 	New trial (rep=0, index=1): {'prompt': 'Donkey'}
22.4464 	EXP 	instr: autoDraw = False
22.4464 	EXP 	text: autoDraw = False
22.4464 	EXP 	targetText: text = 'xDonkey'
22.4464 	EXP 	targetInstr: autoDraw = True
22.4464 	EXP 	targetText: autoDraw = True
24.4474 	EXP 	targetInstr: autoDraw = False
24.4474 	EXP 	targetText: autoDraw = False
24.4474 	EXP 	targetInstr: autoDraw = False
24.4474 	EXP 	targetText: autoDraw = False
24.4474 	EXP 	text: text = ''
24.4474 	EXP 	instr: autoDraw = True
24.4474 	EXP 	text: autoDraw = True
30.2148 	DATA 	Keypress: x
30.2309 	EXP 	text: text = 'x'
30.4811 	DATA 	Keypress: lshift
30.7154 	DATA 	Keypress: d
30.7300 	EXP 	text: text = 'xD_'
30.9144 	DATA 	Keypress: o
30.9305 	EXP 	text: text = 'xD_o'
31.0152 	DATA 	Keypress: n
31.0305 	EXP 	text: text = 'xD_on'
31.2484 	DATA 	Keypress: k
31.2626 	EXP 	text: text = 'xD_onk'
31.3815 	DATA 	Keypress: e
31.3973 	EXP 	text: text = 'xD_onke'
31.5311 	DATA 	Keypress: y
31.5467 	EXP 	text: text = 'xD_onkey'
31.8146 	DATA 	Keypress: return
31.8154 	EXP 	New trial (rep=0, index=2): {'prompt': 'Poodle'}
31.8302 	EXP 	instr: autoDraw = False
31.8302 	EXP 	text: autoDraw = False
31.8302 	EXP 	targetText: text = 'xPoodle'
31.8302 	EXP 	targetInstr: autoDraw = True
31.8302 	EXP 	targetText: autoDraw = True
33.8297 	EXP 	targetInstr: autoDraw = False
33.8297 	EXP 	targetText: autoDraw = False
33.8297 	EXP 	targetInstr: autoDraw = False
33.8297 	EXP 	targetText: autoDraw = False
33.8297 	EXP 	text: text = ''
33.8297 	EXP 	instr: autoDraw = True
33.8297 	EXP 	text: autoDraw = True
36.4559 	DATA 	Keypress: return
36.4569 	EXP 	New trial (rep=0, index=3): {'prompt': 'in'}
36.4646 	EXP 	instr: autoDraw = False
36.4646 	EXP 	text: autoDraw = False
36.4646 	EXP 	targetText: text = 'xin'
36.4646 	EXP 	targetInstr: autoDraw = True
36.4646 	EXP 	targetText: autoDraw = True
38.4801 	EXP 	targetInstr: autoDraw = False
38.4801 	EXP 	targetText: autoDraw = False
38.4801 	EXP 	text: text = ''
38.4801 	EXP 	instr: autoDraw = True
38.4801 	EXP 	text: autoDraw = True
39.1815 	DATA 	Keypress: return
39.1826 	EXP 	New trial (rep=0, index=4): {'prompt': 'Titlecase'}
39.1969 	EXP 	instr: autoDraw = False
39.1969 	EXP 	text: autoDraw = False
39.1969 	EXP 	targetText: text = 'xTitlecase'
39.1969 	EXP 	targetInstr: autoDraw = True
39.1969 	EXP 	targetText: autoDraw = True
41.1965 	EXP 	targetInstr: autoDraw = False
41.1965 	EXP 	targetText: autoDraw = False
41.1965 	EXP 	targetInstr: autoDraw = False
41.1965 	EXP 	targetText: autoDraw = False
41.1965 	EXP 	text: text = ''
41.1965 	EXP 	instr: autoDraw = True
41.1965 	EXP 	text: autoDraw = True
41.6315 	DATA 	Keypress: return
41.6325 	EXP 	New trial (rep=0, index=5): {'prompt': None}
41.6539 	EXP 	window1: mouseVisible = True
